
train.py:49: UserWarning: 
The version_base parameter is not specified.
Please specify a compatability version level, or None.
Will assume defaults for version 1.1
  @hydra.main(config_name="config", config_path="./cfg")
/home/zihan/anaconda3/envs/x/lib/python3.7/site-packages/hydra/_internal/defaults_list.py:251: UserWarning: In 'config': Defaults list is missing `_self_`. See https://hydra.cc/docs/upgrades/1.0_to_1.1/default_composition_order for more information
  warnings.warn(msg, UserWarning)
/home/zihan/anaconda3/envs/x/lib/python3.7/site-packages/hydra/_internal/defaults_list.py:415: UserWarning: In config: Invalid overriding of hydra/job_logging:
Default list overrides requires 'override' keyword.
See https://hydra.cc/docs/next/upgrades/1.0_to_1.1/defaults_list_override for more information.

  deprecation_warning(msg)
Importing module 'gym_37' (/home/zihan/software/isaacgym/python/isaacgym/_bindings/linux-x86_64/gym_37.so)
Setting GYM_USD_PLUG_INFO_PATH to /home/zihan/software/isaacgym/python/isaacgym/_bindings/linux-x86_64/usd/plugInfo.json
PyTorch version 1.12.0+cu102
Device count 2
/home/zihan/software/isaacgym/python/isaacgym/_bindings/src/gymtorch
Using /home/zihan/.cache/torch_extensions/py37_cu102 as PyTorch extensions root...
Emitting ninja build file /home/zihan/.cache/torch_extensions/py37_cu102/gymtorch/build.ninja...
Building extension module gymtorch...
Allowing ninja to set a default number of workers... (overridable by setting the environment variable MAX_JOBS=N)
/home/zihan/anaconda3/envs/x/lib/python3.7/site-packages/hydra/_internal/hydra.py:127: UserWarning: Future Hydra versions will no longer change working directory at job runtime by default.
See https://hydra.cc/docs/next/upgrades/1.1_to_1.2/changes_to_job_working_dir/ for more information.
  configure_logging=with_log_configuration,
/home/zihan/anaconda3/envs/x/lib/python3.7/site-packages/ray/autoscaler/_private/cli_logger.py:61: FutureWarning: Not all Ray CLI dependencies were found. In Ray 1.4+, the Ray CLI, autoscaler, and dashboard will only be usable via `pip install 'ray[default]'`. Please update your install command.
  "update your install command.", FutureWarning)
ninja: no work to do.
2022-08-01 16:46:13,749 - INFO - logger - logger initialized
wandb: Currently logged in as: quantumiracle. Use `wandb login --relogin` to force relogin
Loading extension module gymtorch...
Error: FBX library failed to load - importing FBX data will not succeed. Message: No module named 'fbx'
FBX tools must be installed from https://help.autodesk.com/view/FBX/2020/ENU/?guid=FBX_Developer_Help_scripting_with_python_fbx_installing_python_fbx_html
task: 
    name: FactoryTaskInsertion
    physics_engine: physx
    sim: 
        use_gpu_pipeline: True
        up_axis: z
        dt: 0.016667
        gravity: [0.0, 0.0, -9.81]
        disable_gravity: False
    env: 
        numEnvs: 128
        numObservations: 33
        numActions: 12
        close_and_lift: True
        num_gripper_move_sim_steps: 20
        num_gripper_close_sim_steps: 25
        num_gripper_lift_sim_steps: 25
    randomize: 
        joint_noise: 0.0
        initial_state: random
        plug_bias_y: -0.1
        plug_bias_z: 0.0
        plug_noise_xy: 0.05
    rl: 
        max_episode_length: 512
        pos_action_scale: [0.1, 0.1, 0.1]
        rot_action_scale: [0.1, 0.1, 0.1]
        force_action_scale: [1.0, 1.0, 1.0]
        torque_action_scale: [1.0, 1.0, 1.0]
        gripper_action_scale: [1.0]
        clamp_rot: True
        clamp_rot_thresh: 1e-06
        num_keypoints: 4
        keypoint_scale: 0.5
        keypoint_reward_scale: 1.0
        action_penalty_scale: 0.0
        add_obs_finger_force: False
        far_error_thresh: 0.1
        success_bonus: 1.0
    ctrl: 
        ctrl_type: joint_space_id
        all: 
            jacobian_type: geometric
            gripper_prop_gains: [50, 50]
            gripper_deriv_gains: [2, 2]
        gym_default: 
            ik_method: dls
            joint_prop_gains: [40, 40, 40, 40, 40, 40, 40]
            joint_deriv_gains: [8, 8, 8, 8, 8, 8, 8]
            gripper_prop_gains: [500, 500]
            gripper_deriv_gains: [20, 20]
        joint_space_ik: 
            ik_method: dls
            joint_prop_gains: [1, 1, 1, 1, 1, 1, 1]
            joint_deriv_gains: [0.1, 0.1, 0.1, 0.1, 0.1, 0.1, 0.1]
        joint_space_id: 
            ik_method: dls
            joint_prop_gains: [40, 40, 40, 40, 40, 40, 40]
            joint_deriv_gains: [8, 8, 8, 8, 8, 8, 8]
        task_space_impedance: 
            motion_ctrl_axes: [1, 1, 1, 1, 1, 1]
            task_prop_gains: [40, 40, 40, 40, 40, 40]
            task_deriv_gains: [8, 8, 8, 8, 8, 8]
        operational_space_motion: 
            motion_ctrl_axes: [1, 1, 1, 1, 1, 1]
            task_prop_gains: [1, 1, 1, 1, 1, 1]
            task_deriv_gains: [1, 1, 1, 1, 1, 1]
        open_loop_force: 
            force_ctrl_axes: [0, 0, 1, 0, 0, 0]
        closed_loop_force: 
            force_ctrl_axes: [0, 0, 1, 0, 0, 0]
            wrench_prop_gains: [0.1, 0.1, 0.1, 0.1, 0.1, 0.1]
        hybrid_force_motion: 
            motion_ctrl_axes: [1, 1, 0, 1, 1, 1]
            task_prop_gains: [40, 40, 40, 40, 40, 40]
            task_deriv_gains: [8, 8, 8, 8, 8, 8]
            force_ctrl_axes: [0, 0, 1, 0, 0, 0]
            wrench_prop_gains: [0.1, 0.1, 0.1, 0.1, 0.1, 0.1]
train: 
    params: 
        seed: 42
        algo: 
            name: a2c_continuous
        model: 
            name: continuous_a2c_logstd
        network: 
            name: actor_critic
            separate: False
            space: 
                continuous: 
                    mu_activation: None
                    sigma_activation: None
                    mu_init: 
                        name: default
                    sigma_init: 
                        name: const_initializer
                        val: 0
                    fixed_sigma: True
            mlp: 
                units: [256, 128, 64]
                activation: elu
                d2rl: False
                initializer: 
                    name: default
                regularizer: 
                    name: None
        load_checkpoint: False
        load_path: 
        config: 
            name: FactoryTaskInsertion
            full_experiment_name: FactoryTaskInsertion
            env_name: rlgpu
            multi_gpu: False
            ppo: True
            mixed_precision: True
            normalize_input: True
            normalize_value: True
            value_bootstrap: True
            num_actors: 128
            reward_shaper: 
                scale_value: 1.0
            normalize_advantage: True
            gamma: 0.99
            tau: 0.95
            learning_rate: 0.0001
            lr_schedule: fixed
            schedule_type: standard
            kl_threshold: 0.016
            score_to_win: 20000
            max_epochs: 8192
            save_best_after: 50
            save_frequency: 100
            print_stats: True
            grad_norm: 1.0
            entropy_coef: 0.0
            truncate_grads: False
            e_clip: 0.2
            horizon_length: 32
            minibatch_size: 512
            mini_epochs: 8
            critic_coef: 2
            clip_value: True
            seq_len: 4
            bounds_loss_coef: 0.0001
task_name: FactoryTaskInsertion
experiment: 
num_envs: 
seed: 42
torch_deterministic: False
max_iterations: 
physics_engine: physx
pipeline: gpu
sim_device: cuda:0
rl_device: cuda:0
graphics_device_id: 0
num_threads: 4
solver_type: 1
num_subscenes: 4
test: False
checkpoint: 
multi_gpu: False
wandb_activate: True
wandb_group: 
wandb_name: FactoryTaskInsertion
wandb_entity: quantumiracle
wandb_project: isaacgymenvs
capture_video: False
capture_video_freq: 1464
capture_video_len: 100
force_render: True
headless: False
Setting seed: 42
wandb: wandb version 0.12.21 is available!  To upgrade, please run:
wandb:  $ pip install wandb --upgrade
wandb: Tracking run with wandb version 0.12.18
wandb: Run data is saved locally in /home/zihan/research/IsaacGymEnvs/isaacgymenvs/wandb/run-20220801_164615-3e2se6vg
wandb: Run `wandb offline` to turn off syncing.
wandb: Syncing run FactoryTaskInsertion_2022-08-01_16-46-13
wandb: â­ï¸ View project at https://wandb.ai/quantumiracle/isaacgymenvs
wandb: ðŸš€ View run at https://wandb.ai/quantumiracle/isaacgymenvs/runs/3e2se6vg
Not connected to PVD
+++ Using GPU PhysX
Physics Engine: PhysX
Physics Device: cuda:0
GPU Pipeline: enabled
Using SDF cache directory '/home/zihan/.isaacgym/sdf_V100'
~!~!~! Loaded/Cooked SDF triangle mesh 0 @ 0x5618447f6d30, resolution=256, spacing=0.000195
  ~!~! Bounds:  (-0.001994, 0.001994) (-0.001994, 0.001994) (0.000000, 0.050000)
  ~!~! Extents: (0.003988, 0.003988, 0.050000)
  ~!~! Resolution: (21, 21, 256)
~!~!~! Loaded/Cooked SDF triangle mesh 1 @ 0x56188ca66030, resolution=256, spacing=0.000098
  ~!~! Bounds:  (-0.012500, 0.012500) (-0.012500, 0.012500) (0.000000, 0.008992)
  ~!~! Extents: (0.025000, 0.025000, 0.008992)
  ~!~! Resolution: (256, 256, 93)
~!~!~! Loaded/Cooked SDF triangle mesh 2 @ 0x5618881395c0, resolution=256, spacing=0.000195
  ~!~! Bounds:  (-0.003993, 0.003993) (-0.003993, 0.003993) (0.000000, 0.050000)
  ~!~! Extents: (0.007986, 0.007986, 0.050000)
  ~!~! Resolution: (41, 41, 256)
~!~!~! Loaded/Cooked SDF triangle mesh 3 @ 0x56188d001d20, resolution=256, spacing=0.000098
  ~!~! Bounds:  (-0.012500, 0.012500) (-0.012500, 0.012500) (0.000000, 0.008992)
  ~!~! Extents: (0.025000, 0.025000, 0.008992)
  ~!~! Resolution: (256, 256, 93)
~!~!~! Loaded/Cooked SDF triangle mesh 4 @ 0x56188cfa2980, resolution=256, spacing=0.000195
  ~!~! Bounds:  (-0.005991, 0.005991) (-0.005991, 0.005991) (-0.000000, 0.050000)
  ~!~! Extents: (0.011983, 0.011983, 0.050000)
  ~!~! Resolution: (62, 62, 256)
~!~!~! Loaded/Cooked SDF triangle mesh 5 @ 0x56188c5630e0, resolution=256, spacing=0.000098
  ~!~! Bounds:  (-0.012500, 0.012500) (-0.012500, 0.012500) (0.000000, 0.008992)
  ~!~! Extents: (0.025000, 0.025000, 0.008992)
  ~!~! Resolution: (256, 256, 93)
~!~!~! Loaded/Cooked SDF triangle mesh 6 @ 0x56188d600a80, resolution=256, spacing=0.000195
  ~!~! Bounds:  (-0.007992, 0.007992) (-0.007992, 0.007992) (-0.000000, 0.050000)
  ~!~! Extents: (0.015983, 0.015983, 0.050000)
  ~!~! Resolution: (82, 82, 256)
~!~!~! Loaded/Cooked SDF triangle mesh 7 @ 0x56188d62cf50, resolution=256, spacing=0.000098
  ~!~! Bounds:  (-0.012500, 0.012500) (-0.012500, 0.012500) (0.000000, 0.008992)
  ~!~! Extents: (0.025000, 0.025000, 0.008992)
  ~!~! Resolution: (256, 256, 93)
~!~!~! Loaded/Cooked SDF triangle mesh 8 @ 0x56188d62efd0, resolution=256, spacing=0.000195
  ~!~! Bounds:  (-0.001985, 0.001985) (-0.001985, 0.001985) (0.000000, 0.050000)
  ~!~! Extents: (0.003970, 0.003970, 0.050000)
  ~!~! Resolution: (21, 21, 256)
~!~!~! Loaded/Cooked SDF triangle mesh 9 @ 0x56188e67dc00, resolution=256, spacing=0.000098
  ~!~! Bounds:  (-0.012500, 0.012500) (-0.012500, 0.012500) (0.000000, 0.008992)
  ~!~! Extents: (0.025000, 0.025000, 0.008992)
  ~!~! Resolution: (256, 256, 93)
~!~!~! Loaded/Cooked SDF triangle mesh 10 @ 0x56188f612370, resolution=256, spacing=0.000195
  ~!~! Bounds:  (-0.003982, 0.003982) (-0.003455, 0.003455) (0.000000, 0.050000)
  ~!~! Extents: (0.007964, 0.006910, 0.050000)
  ~!~! Resolution: (41, 36, 256)
~!~!~! Loaded/Cooked SDF triangle mesh 11 @ 0x56188e69c750, resolution=256, spacing=0.000098
  ~!~! Bounds:  (-0.012500, 0.012500) (-0.012500, 0.012500) (0.000000, 0.008992)
  ~!~! Extents: (0.025000, 0.025000, 0.008992)
  ~!~! Resolution: (256, 256, 93)
~!~!~! Loaded/Cooked SDF triangle mesh 12 @ 0x56188e6c9470, resolution=256, spacing=0.000195
  ~!~! Bounds:  (-0.005979, 0.005979) (-0.003955, 0.003955) (0.000000, 0.050000)
  ~!~! Extents: (0.011958, 0.007910, 0.050000)
  ~!~! Resolution: (62, 41, 256)
~!~!~! Loaded/Cooked SDF triangle mesh 13 @ 0x56188e92d8a0, resolution=256, spacing=0.000098
  ~!~! Bounds:  (-0.012500, 0.012500) (-0.012500, 0.012500) (0.000000, 0.008992)
  ~!~! Extents: (0.025000, 0.025000, 0.008992)
  ~!~! Resolution: (256, 256, 93)
~!~!~! Loaded/Cooked SDF triangle mesh 14 @ 0x56188e90ebe0, resolution=256, spacing=0.000195
  ~!~! Bounds:  (-0.007978, 0.007978) (-0.004955, 0.004955) (0.000000, 0.050000)
  ~!~! Extents: (0.015956, 0.009910, 0.050000)
  ~!~! Resolution: (82, 51, 256)
~!~!~! Loaded/Cooked SDF triangle mesh 15 @ 0x56188ec91f70, resolution=256, spacing=0.000098
  ~!~! Bounds:  (-0.012500, 0.012500) (-0.012500, 0.012500) (0.000000, 0.008992)
  ~!~! Extents: (0.025000, 0.025000, 0.008992)
  ~!~! Resolution: (256, 256, 93)
self.seed = 42
Started to train
Exact experiment name requested from command line: FactoryTaskInsertion
Box(-1.0, 1.0, (12,), float32) Box(-inf, inf, (33,), float32)
current training device: cuda:0
build mlp: 33
RunningMeanStd:  (1,)
RunningMeanStd:  (33,)
fps step: 2132 fps step and policy inference: 1817 fps total: 1277 epoch: 1/8192
fps step: 3241 fps step and policy inference: 3052 fps total: 1819 epoch: 2/8192
fps step: 3181 fps step and policy inference: 3005 fps total: 1797 epoch: 3/8192
fps step: 2856 fps step and policy inference: 2708 fps total: 1666 epoch: 4/8192
fps step: 2343 fps step and policy inference: 2215 fps total: 1465 epoch: 5/8192
fps step: 2745 fps step and policy inference: 2596 fps total: 1621 epoch: 6/8192
fps step: 2759 fps step and policy inference: 2607 fps total: 2153 epoch: 7/8192
fps step: 1440 fps step and policy inference: 1402 fps total: 1264 epoch: 8/8192
fps step: 3617 fps step and policy inference: 3397 fps total: 2679 epoch: 9/8192
fps step: 3100 fps step and policy inference: 2924 fps total: 2390 epoch: 10/8192
fps step: 3322 fps step and policy inference: 3125 fps total: 2501 epoch: 11/8192
fps step: 3561 fps step and policy inference: 3335 fps total: 2053 epoch: 12/8192
fps step: 3256 fps step and policy inference: 3057 fps total: 1791 epoch: 13/8192
fps step: 3324 fps step and policy inference: 3128 fps total: 1816 epoch: 14/8192
fps step: 3505 fps step and policy inference: 3298 fps total: 1885 epoch: 15/8192
fps step: 3453 fps step and policy inference: 3246 fps total: 1865 epoch: 16/8192
fps step: 3332 fps step and policy inference: 3123 fps total: 1821 epoch: 17/8192
fps step: 3941 fps step and policy inference: 3686 fps total: 2010 epoch: 18/8192
fps step: 3685 fps step and policy inference: 3450 fps total: 1922 epoch: 19/8192
fps step: 3645 fps step and policy inference: 3425 fps total: 1917 epoch: 20/8192
fps step: 3370 fps step and policy inference: 3174 fps total: 1828 epoch: 21/8192
fps step: 3386 fps step and policy inference: 3195 fps total: 1848 epoch: 22/8192
fps step: 2922 fps step and policy inference: 2766 fps total: 1699 epoch: 23/8192
fps step: 1620 fps step and policy inference: 1575 fps total: 1159 epoch: 24/8192
fps step: 3770 fps step and policy inference: 3534 fps total: 1944 epoch: 25/8192
fps step: 3512 fps step and policy inference: 3302 fps total: 1922 epoch: 26/8192
fps step: 3615 fps step and policy inference: 3395 fps total: 1901 epoch: 27/8192
fps step: 3584 fps step and policy inference: 3367 fps total: 1927 epoch: 28/8192
fps step: 3566 fps step and policy inference: 3351 fps total: 1896 epoch: 29/8192
fps step: 3517 fps step and policy inference: 3303 fps total: 1875 epoch: 30/8192
fps step: 3423 fps step and policy inference: 3233 fps total: 1861 epoch: 31/8192
fps step: 3743 fps step and policy inference: 3511 fps total: 1932 epoch: 32/8192
fps step: 3507 fps step and policy inference: 3289 fps total: 1869 epoch: 33/8192
fps step: 3782 fps step and policy inference: 3556 fps total: 1952 epoch: 34/8192
fps step: 3311 fps step and policy inference: 3122 fps total: 1816 epoch: 35/8192
fps step: 3185 fps step and policy inference: 3016 fps total: 1781 epoch: 36/8192
fps step: 3198 fps step and policy inference: 3019 fps total: 1790 epoch: 37/8192
fps step: 3320 fps step and policy inference: 3135 fps total: 1824 epoch: 38/8192
fps step: 3461 fps step and policy inference: 3253 fps total: 1864 epoch: 39/8192
fps step: 1640 fps step and policy inference: 1595 fps total: 1165 epoch: 40/8192
fps step: 3789 fps step and policy inference: 3552 fps total: 1950 epoch: 41/8192
fps step: 3530 fps step and policy inference: 3316 fps total: 1878 epoch: 42/8192
fps step: 3883 fps step and policy inference: 3641 fps total: 1979 epoch: 43/8192
fps step: 3432 fps step and policy inference: 3237 fps total: 1857 epoch: 44/8192
fps step: 3461 fps step and policy inference: 3269 fps total: 1959 epoch: 45/8192
fps step: 3100 fps step and policy inference: 2943 fps total: 1752 epoch: 46/8192
fps step: 3622 fps step and policy inference: 3422 fps total: 1941 epoch: 47/8192
fps step: 2894 fps step and policy inference: 2757 fps total: 1770 epoch: 48/8192
fps step: 3237 fps step and policy inference: 3050 fps total: 1811 epoch: 49/8192
fps step: 3482 fps step and policy inference: 3283 fps total: 1872 epoch: 50/8192
saving next best rewards:  [-178.06]
=> saving checkpoint 'runs/FactoryTaskInsertion/nn/FactoryTaskInsertion.pth'
fps step: 3066 fps step and policy inference: 2911 fps total: 1740 epoch: 51/8192
fps step: 3312 fps step and policy inference: 3129 fps total: 1820 epoch: 52/8192
saving next best rewards:  [-164.63]
=> saving checkpoint 'runs/FactoryTaskInsertion/nn/FactoryTaskInsertion.pth'
fps step: 3034 fps step and policy inference: 2876 fps total: 1740 epoch: 53/8192
saving next best rewards:  [-164.4]
=> saving checkpoint 'runs/FactoryTaskInsertion/nn/FactoryTaskInsertion.pth'
fps step: 2863 fps step and policy inference: 2701 fps total: 1652 epoch: 54/8192
saving next best rewards:  [-155.99]
=> saving checkpoint 'runs/FactoryTaskInsertion/nn/FactoryTaskInsertion.pth'
fps step: 2737 fps step and policy inference: 2593 fps total: 1631 epoch: 55/8192
saving next best rewards:  [-155.47]
=> saving checkpoint 'runs/FactoryTaskInsertion/nn/FactoryTaskInsertion.pth'
fps step: 2964 fps step and policy inference: 2772 fps total: 1721 epoch: 56/8192
fps step: 1316 fps step and policy inference: 1278 fps total: 992 epoch: 57/8192
saving next best rewards:  [-149.88]
=> saving checkpoint 'runs/FactoryTaskInsertion/nn/FactoryTaskInsertion.pth'
fps step: 3067 fps step and policy inference: 2881 fps total: 1743 epoch: 58/8192
fps step: 2965 fps step and policy inference: 2795 fps total: 1674 epoch: 59/8192
fps step: 3404 fps step and policy inference: 3192 fps total: 1843 epoch: 60/8192
fps step: 2772 fps step and policy inference: 2621 fps total: 1622 epoch: 61/8192
fps step: 3017 fps step and policy inference: 2863 fps total: 1719 epoch: 62/8192
fps step: 2988 fps step and policy inference: 2844 fps total: 1697 epoch: 63/8192
fps step: 2862 fps step and policy inference: 2715 fps total: 1689 epoch: 64/8192
fps step: 3065 fps step and policy inference: 2894 fps total: 1728 epoch: 65/8192
fps step: 3129 fps step and policy inference: 2957 fps total: 1731 epoch: 66/8192
fps step: 2998 fps step and policy inference: 2848 fps total: 1717 epoch: 67/8192
fps step: 2937 fps step and policy inference: 2791 fps total: 1699 epoch: 68/8192
fps step: 2988 fps step and policy inference: 2825 fps total: 1669 epoch: 69/8192
fps step: 3066 fps step and policy inference: 2909 fps total: 1735 epoch: 70/8192
fps step: 2733 fps step and policy inference: 2597 fps total: 1619 epoch: 71/8192
fps step: 2828 fps step and policy inference: 2688 fps total: 1657 epoch: 72/8192
fps step: 1561 fps step and policy inference: 1518 fps total: 1122 epoch: 73/8192
saving next best rewards:  [-147.38]
=> saving checkpoint 'runs/FactoryTaskInsertion/nn/FactoryTaskInsertion.pth'
fps step: 3150 fps step and policy inference: 2973 fps total: 1753 epoch: 74/8192
saving next best rewards:  [-139.]
=> saving checkpoint 'runs/FactoryTaskInsertion/nn/FactoryTaskInsertion.pth'
fps step: 3026 fps step and policy inference: 2877 fps total: 1710 epoch: 75/8192
fps step: 2953 fps step and policy inference: 2800 fps total: 1694 epoch: 76/8192
saving next best rewards:  [-131.69]
=> saving checkpoint 'runs/FactoryTaskInsertion/nn/FactoryTaskInsertion.pth'
fps step: 2989 fps step and policy inference: 2836 fps total: 1720 epoch: 77/8192
fps step: 3073 fps step and policy inference: 2911 fps total: 1732 epoch: 78/8192
fps step: 2790 fps step and policy inference: 2665 fps total: 1649 epoch: 79/8192
fps step: 3138 fps step and policy inference: 2979 fps total: 1761 epoch: 80/8192
fps step: 3046 fps step and policy inference: 2868 fps total: 1680 epoch: 81/8192
fps step: 3111 fps step and policy inference: 2943 fps total: 1756 epoch: 82/8192
fps step: 3198 fps step and policy inference: 3025 fps total: 1782 epoch: 83/8192
fps step: 3551 fps step and policy inference: 3353 fps total: 1884 epoch: 84/8192
fps step: 3099 fps step and policy inference: 2941 fps total: 1755 epoch: 85/8192/home/zihan/anaconda3/envs/x/lib/python3.7/multiprocessing/semaphore_tracker.py:144: UserWarning: semaphore_tracker: There appear to be 6 leaked semaphores to clean up at shutdown
  len(cache))
