
train.py:49: UserWarning: 
The version_base parameter is not specified.
Please specify a compatability version level, or None.
Will assume defaults for version 1.1
  @hydra.main(config_name="config", config_path="./cfg")
/home/zihan/anaconda3/envs/x/lib/python3.7/site-packages/hydra/_internal/defaults_list.py:251: UserWarning: In 'config': Defaults list is missing `_self_`. See https://hydra.cc/docs/upgrades/1.0_to_1.1/default_composition_order for more information
  warnings.warn(msg, UserWarning)
/home/zihan/anaconda3/envs/x/lib/python3.7/site-packages/hydra/_internal/defaults_list.py:415: UserWarning: In config: Invalid overriding of hydra/job_logging:
Default list overrides requires 'override' keyword.
See https://hydra.cc/docs/next/upgrades/1.0_to_1.1/defaults_list_override for more information.

  deprecation_warning(msg)
Importing module 'gym_37' (/home/zihan/software/isaacgym/python/isaacgym/_bindings/linux-x86_64/gym_37.so)
Setting GYM_USD_PLUG_INFO_PATH to /home/zihan/software/isaacgym/python/isaacgym/_bindings/linux-x86_64/usd/plugInfo.json
PyTorch version 1.12.0+cu102
Device count 2
/home/zihan/software/isaacgym/python/isaacgym/_bindings/src/gymtorch
Using /home/zihan/.cache/torch_extensions/py37_cu102 as PyTorch extensions root...
Emitting ninja build file /home/zihan/.cache/torch_extensions/py37_cu102/gymtorch/build.ninja...
Building extension module gymtorch...
Allowing ninja to set a default number of workers... (overridable by setting the environment variable MAX_JOBS=N)
/home/zihan/anaconda3/envs/x/lib/python3.7/site-packages/hydra/_internal/hydra.py:127: UserWarning: Future Hydra versions will no longer change working directory at job runtime by default.
See https://hydra.cc/docs/next/upgrades/1.1_to_1.2/changes_to_job_working_dir/ for more information.
  configure_logging=with_log_configuration,
/home/zihan/anaconda3/envs/x/lib/python3.7/site-packages/ray/autoscaler/_private/cli_logger.py:61: FutureWarning: Not all Ray CLI dependencies were found. In Ray 1.4+, the Ray CLI, autoscaler, and dashboard will only be usable via `pip install 'ray[default]'`. Please update your install command.
  "update your install command.", FutureWarning)
ninja: no work to do.
2022-08-02 12:29:14,367 - INFO - logger - logger initialized
wandb: Currently logged in as: quantumiracle. Use `wandb login --relogin` to force relogin
Loading extension module gymtorch...
Error: FBX library failed to load - importing FBX data will not succeed. Message: No module named 'fbx'
FBX tools must be installed from https://help.autodesk.com/view/FBX/2020/ENU/?guid=FBX_Developer_Help_scripting_with_python_fbx_installing_python_fbx_html
task: 
    name: FactoryTaskInsertion
    physics_engine: physx
    sim: 
        use_gpu_pipeline: True
        up_axis: z
        dt: 0.016667
        gravity: [0.0, 0.0, -9.81]
        disable_gravity: False
    env: 
        numEnvs: 128
        numObservations: 33
        numActions: 12
        close_and_lift: True
        num_gripper_move_sim_steps: 20
        num_gripper_close_sim_steps: 25
        num_gripper_lift_sim_steps: 25
    randomize: 
        joint_noise: 0.0
        initial_state: random
        plug_bias_y: -0.1
        plug_bias_z: 0.0
        plug_noise_xy: 0.05
    rl: 
        max_episode_length: 512
        pos_action_scale: [0.1, 0.1, 0.1]
        rot_action_scale: [0.1, 0.1, 0.1]
        force_action_scale: [1.0, 1.0, 1.0]
        torque_action_scale: [1.0, 1.0, 1.0]
        gripper_action_scale: [1.0]
        clamp_rot: True
        clamp_rot_thresh: 1e-06
        num_keypoints: 4
        keypoint_scale: 0.5
        keypoint_reward_scale: 1.0
        action_penalty_scale: 0.0
        add_obs_finger_force: False
        far_error_thresh: 0.4
        success_bonus: 1.0
    ctrl: 
        ctrl_type: joint_space_id
        all: 
            jacobian_type: geometric
            gripper_prop_gains: [50, 50]
            gripper_deriv_gains: [2, 2]
        gym_default: 
            ik_method: dls
            joint_prop_gains: [40, 40, 40, 40, 40, 40, 40]
            joint_deriv_gains: [8, 8, 8, 8, 8, 8, 8]
            gripper_prop_gains: [500, 500]
            gripper_deriv_gains: [20, 20]
        joint_space_ik: 
            ik_method: dls
            joint_prop_gains: [1, 1, 1, 1, 1, 1, 1]
            joint_deriv_gains: [0.1, 0.1, 0.1, 0.1, 0.1, 0.1, 0.1]
        joint_space_id: 
            ik_method: dls
            joint_prop_gains: [40, 40, 40, 40, 40, 40, 40]
            joint_deriv_gains: [8, 8, 8, 8, 8, 8, 8]
        task_space_impedance: 
            motion_ctrl_axes: [1, 1, 1, 1, 1, 1]
            task_prop_gains: [40, 40, 40, 40, 40, 40]
            task_deriv_gains: [8, 8, 8, 8, 8, 8]
        operational_space_motion: 
            motion_ctrl_axes: [1, 1, 1, 1, 1, 1]
            task_prop_gains: [1, 1, 1, 1, 1, 1]
            task_deriv_gains: [1, 1, 1, 1, 1, 1]
        open_loop_force: 
            force_ctrl_axes: [0, 0, 1, 0, 0, 0]
        closed_loop_force: 
            force_ctrl_axes: [0, 0, 1, 0, 0, 0]
            wrench_prop_gains: [0.1, 0.1, 0.1, 0.1, 0.1, 0.1]
        hybrid_force_motion: 
            motion_ctrl_axes: [1, 1, 0, 1, 1, 1]
            task_prop_gains: [40, 40, 40, 40, 40, 40]
            task_deriv_gains: [8, 8, 8, 8, 8, 8]
            force_ctrl_axes: [0, 0, 1, 0, 0, 0]
            wrench_prop_gains: [0.1, 0.1, 0.1, 0.1, 0.1, 0.1]
train: 
    params: 
        seed: 42
        algo: 
            name: a2c_continuous
        model: 
            name: continuous_a2c_logstd
        network: 
            name: actor_critic
            separate: False
            space: 
                continuous: 
                    mu_activation: None
                    sigma_activation: None
                    mu_init: 
                        name: default
                    sigma_init: 
                        name: const_initializer
                        val: 0
                    fixed_sigma: True
            mlp: 
                units: [256, 128, 64]
                activation: elu
                d2rl: False
                initializer: 
                    name: default
                regularizer: 
                    name: None
        load_checkpoint: False
        load_path: 
        config: 
            name: FactoryTaskInsertion
            full_experiment_name: FactoryTaskInsertion
            env_name: rlgpu
            multi_gpu: False
            ppo: True
            mixed_precision: True
            normalize_input: True
            normalize_value: True
            value_bootstrap: True
            num_actors: 128
            reward_shaper: 
                scale_value: 1.0
            normalize_advantage: True
            gamma: 0.99
            tau: 0.95
            learning_rate: 0.0001
            lr_schedule: fixed
            schedule_type: standard
            kl_threshold: 0.016
            score_to_win: 20000
            max_epochs: 8192
            save_best_after: 50
            save_frequency: 100
            print_stats: True
            grad_norm: 1.0
            entropy_coef: 0.0
            truncate_grads: False
            e_clip: 0.2
            horizon_length: 32
            minibatch_size: 512
            mini_epochs: 8
            critic_coef: 2
            clip_value: True
            seq_len: 4
            bounds_loss_coef: 0.0001
task_name: FactoryTaskInsertion
experiment: 
num_envs: 
seed: 42
torch_deterministic: False
max_iterations: 
physics_engine: physx
pipeline: gpu
sim_device: cuda:0
rl_device: cuda:0
graphics_device_id: 0
num_threads: 4
solver_type: 1
num_subscenes: 4
test: False
checkpoint: 
multi_gpu: False
wandb_activate: True
wandb_group: 
wandb_name: FactoryTaskInsertion
wandb_entity: quantumiracle
wandb_project: isaacgymenvs
capture_video: False
capture_video_freq: 1464
capture_video_len: 100
force_render: True
headless: False
Setting seed: 42
wandb: wandb version 0.12.21 is available!  To upgrade, please run:
wandb:  $ pip install wandb --upgrade
wandb: Tracking run with wandb version 0.12.18
wandb: Run data is saved locally in /home/zihan/research/IsaacGymEnvs/isaacgymenvs/wandb/run-20220802_122916-32upuxu8
wandb: Run `wandb offline` to turn off syncing.
wandb: Syncing run FactoryTaskInsertion_2022-08-02_12-29-14
wandb: ⭐️ View project at https://wandb.ai/quantumiracle/isaacgymenvs
wandb: 🚀 View run at https://wandb.ai/quantumiracle/isaacgymenvs/runs/32upuxu8
Not connected to PVD
+++ Using GPU PhysX
Physics Engine: PhysX
Physics Device: cuda:0
GPU Pipeline: enabled
Using SDF cache directory '/home/zihan/.isaacgym/sdf_V100'
~!~!~! Loaded/Cooked SDF triangle mesh 0 @ 0x55aff08e00d0, resolution=256, spacing=0.000195
  ~!~! Bounds:  (-0.001994, 0.001994) (-0.001994, 0.001994) (0.000000, 0.050000)
  ~!~! Extents: (0.003988, 0.003988, 0.050000)
  ~!~! Resolution: (21, 21, 256)
~!~!~! Loaded/Cooked SDF triangle mesh 1 @ 0x55afeef2dce0, resolution=256, spacing=0.000098
  ~!~! Bounds:  (-0.012500, 0.012500) (-0.012500, 0.012500) (0.000000, 0.008992)
  ~!~! Extents: (0.025000, 0.025000, 0.008992)
  ~!~! Resolution: (256, 256, 93)
~!~!~! Loaded/Cooked SDF triangle mesh 2 @ 0x55b032870cd0, resolution=256, spacing=0.000195
  ~!~! Bounds:  (-0.003993, 0.003993) (-0.003993, 0.003993) (0.000000, 0.050000)
  ~!~! Extents: (0.007986, 0.007986, 0.050000)
  ~!~! Resolution: (41, 41, 256)
~!~!~! Loaded/Cooked SDF triangle mesh 3 @ 0x55afeef2e010, resolution=256, spacing=0.000098
  ~!~! Bounds:  (-0.012500, 0.012500) (-0.012500, 0.012500) (0.000000, 0.008992)
  ~!~! Extents: (0.025000, 0.025000, 0.008992)
  ~!~! Resolution: (256, 256, 93)
~!~!~! Loaded/Cooked SDF triangle mesh 4 @ 0x55b037ca7810, resolution=256, spacing=0.000195
  ~!~! Bounds:  (-0.005991, 0.005991) (-0.005991, 0.005991) (-0.000000, 0.050000)
  ~!~! Extents: (0.011983, 0.011983, 0.050000)
  ~!~! Resolution: (62, 62, 256)
~!~!~! Loaded/Cooked SDF triangle mesh 5 @ 0x55b037ce7b20, resolution=256, spacing=0.000098
  ~!~! Bounds:  (-0.012500, 0.012500) (-0.012500, 0.012500) (0.000000, 0.008992)
  ~!~! Extents: (0.025000, 0.025000, 0.008992)
  ~!~! Resolution: (256, 256, 93)
~!~!~! Loaded/Cooked SDF triangle mesh 6 @ 0x55b037d13c50, resolution=256, spacing=0.000195
  ~!~! Bounds:  (-0.007992, 0.007992) (-0.007992, 0.007992) (-0.000000, 0.050000)
  ~!~! Extents: (0.015983, 0.015983, 0.050000)
  ~!~! Resolution: (82, 82, 256)
~!~!~! Loaded/Cooked SDF triangle mesh 7 @ 0x55b039caec00, resolution=256, spacing=0.000098
  ~!~! Bounds:  (-0.012500, 0.012500) (-0.012500, 0.012500) (0.000000, 0.008992)
  ~!~! Extents: (0.025000, 0.025000, 0.008992)
  ~!~! Resolution: (256, 256, 93)
~!~!~! Loaded/Cooked SDF triangle mesh 8 @ 0x55b039ce9f60, resolution=256, spacing=0.000195
  ~!~! Bounds:  (-0.001985, 0.001985) (-0.001985, 0.001985) (0.000000, 0.050000)
  ~!~! Extents: (0.003970, 0.003970, 0.050000)
  ~!~! Resolution: (21, 21, 256)
~!~!~! Loaded/Cooked SDF triangle mesh 9 @ 0x55b039d31400, resolution=256, spacing=0.000098
  ~!~! Bounds:  (-0.012500, 0.012500) (-0.012500, 0.012500) (0.000000, 0.008992)
  ~!~! Extents: (0.025000, 0.025000, 0.008992)
  ~!~! Resolution: (256, 256, 93)
~!~!~! Loaded/Cooked SDF triangle mesh 10 @ 0x55b038d62e10, resolution=256, spacing=0.000195
  ~!~! Bounds:  (-0.003982, 0.003982) (-0.003455, 0.003455) (0.000000, 0.050000)
  ~!~! Extents: (0.007964, 0.006910, 0.050000)
  ~!~! Resolution: (41, 36, 256)
~!~!~! Loaded/Cooked SDF triangle mesh 11 @ 0x55b038fd7910, resolution=256, spacing=0.000098
  ~!~! Bounds:  (-0.012500, 0.012500) (-0.012500, 0.012500) (0.000000, 0.008992)
  ~!~! Extents: (0.025000, 0.025000, 0.008992)
  ~!~! Resolution: (256, 256, 93)
~!~!~! Loaded/Cooked SDF triangle mesh 12 @ 0x55b038fcae70, resolution=256, spacing=0.000195
  ~!~! Bounds:  (-0.005979, 0.005979) (-0.003955, 0.003955) (0.000000, 0.050000)
  ~!~! Extents: (0.011958, 0.007910, 0.050000)
  ~!~! Resolution: (62, 41, 256)
~!~!~! Loaded/Cooked SDF triangle mesh 13 @ 0x55b038ffaa40, resolution=256, spacing=0.000098
  ~!~! Bounds:  (-0.012500, 0.012500) (-0.012500, 0.012500) (0.000000, 0.008992)
  ~!~! Extents: (0.025000, 0.025000, 0.008992)
  ~!~! Resolution: (256, 256, 93)
~!~!~! Loaded/Cooked SDF triangle mesh 14 @ 0x55b039382aa0, resolution=256, spacing=0.000195
  ~!~! Bounds:  (-0.007978, 0.007978) (-0.004955, 0.004955) (0.000000, 0.050000)
  ~!~! Extents: (0.015956, 0.009910, 0.050000)
  ~!~! Resolution: (82, 51, 256)
~!~!~! Loaded/Cooked SDF triangle mesh 15 @ 0x55b0393b9140, resolution=256, spacing=0.000098
  ~!~! Bounds:  (-0.012500, 0.012500) (-0.012500, 0.012500) (0.000000, 0.008992)
  ~!~! Extents: (0.025000, 0.025000, 0.008992)
  ~!~! Resolution: (256, 256, 93)
/home/zihan/anaconda3/envs/x/lib/python3.7/multiprocessing/semaphore_tracker.py:144: UserWarning: semaphore_tracker: There appear to be 6 leaked semaphores to clean up at shutdown
  len(cache))
